<?xml version="1.0" encoding="UTF-8" ?>
<testsuite tests="2" failures="0" name="com.machinelearning.doc_classifier.knn.category_classifierTest.MajorityVoteClassifierTest" time="0.012" errors="0" skipped="0">
  <properties>
    <property name="java.runtime.name" value="Java(TM) SE Runtime Environment"/>
    <property name="sun.boot.library.path" value="C:\Program Files\Java\jdk1.8.0_121\jre\bin"/>
    <property name="java.vm.version" value="25.121-b13"/>
    <property name="user.country.format" value="TR"/>
    <property name="java.vm.vendor" value="Oracle Corporation"/>
    <property name="java.vendor.url" value="http://java.oracle.com/"/>
    <property name="path.separator" value=";"/>
    <property name="java.vm.name" value="Java HotSpot(TM) 64-Bit Server VM"/>
    <property name="file.encoding.pkg" value="sun.io"/>
    <property name="user.script" value=""/>
    <property name="user.country" value="US"/>
    <property name="sun.java.launcher" value="SUN_STANDARD"/>
    <property name="sun.os.patch.level" value=""/>
    <property name="java.vm.specification.name" value="Java Virtual Machine Specification"/>
    <property name="user.dir" value="D:\EPVYS-GELISTIRME\workspace-machine-learning\parallel_doc_classifier_knn"/>
    <property name="java.runtime.version" value="1.8.0_121-b13"/>
    <property name="java.awt.graphicsenv" value="sun.awt.Win32GraphicsEnvironment"/>
    <property name="basedir" value="D:\EPVYS-GELISTIRME\workspace-machine-learning\parallel_doc_classifier_knn"/>
    <property name="java.endorsed.dirs" value="C:\Program Files\Java\jdk1.8.0_121\jre\lib\endorsed"/>
    <property name="os.arch" value="amd64"/>
    <property name="surefire.real.class.path" value="D:\EPVYS-GELISTIRME\workspace-machine-learning\parallel_doc_classifier_knn\target\surefire\surefirebooter1799226384643269607.jar"/>
    <property name="java.io.tmpdir" value="C:\Users\HASAN~1.DAN\AppData\Local\Temp\"/>
    <property name="line.separator" value="
"/>
    <property name="java.vm.specification.vendor" value="Oracle Corporation"/>
    <property name="user.variant" value=""/>
    <property name="os.name" value="Windows 10"/>
    <property name="sun.jnu.encoding" value="Cp1252"/>
    <property name="java.library.path" value="C:\Program Files\Java\jdk1.8.0_121\jre\bin;C:\Windows\Sun\Java\bin;C:\Windows\system32;C:\Windows;C:/Program Files/Java/jre1.8.0_121/bin/server;C:/Program Files/Java/jre1.8.0_121/bin;C:/Program Files/Java/jre1.8.0_121/lib/amd64;C:\Program Files\NVIDIA GPU Computing Toolkit\CUDA\v8.0\bin;C:\Program Files\NVIDIA GPU Computing Toolkit\CUDA\v8.0\libnvvp;C:\ProgramData\Oracle\Java\javapath;C:\Program Files (x86)\Intel\iCLS Client\;C:\Program Files\Intel\iCLS Client\;C:\Windows\system32;C:\Windows;C:\Windows\System32\Wbem;C:\Windows\System32\WindowsPowerShell\v1.0\;C:\Program Files (x86)\NVIDIA Corporation\PhysX\Common;C:\Program Files (x86)\Intel\Intel(R) Management Engine Components\DAL;C:\Program Files\Intel\Intel(R) Management Engine Components\DAL;C:\Program Files (x86)\Intel\Intel(R) Management Engine Components\IPT;C:\Program Files\Intel\Intel(R) Management Engine Components\IPT;C:\Program Files (x86)\Borland\StarTeam SDK 10.4\Lib;C:\Program Files (x86)\Borland\StarTeam SDK 10.4\Bin;C:\Program Files (x86)\Microsoft SQL Server\110\Tools\Binn\;C:\Program Files\Microsoft SQL Server\110\Tools\Binn\;C:\Program Files\Microsoft SQL Server\110\DTS\Binn\;C:\Program Files (x86)\Microsoft SQL Server\110\Tools\Binn\ManagementStudio\;C:\Program Files (x86)\Microsoft SQL Server\110\DTS\Binn\;C:\Program Files (x86)\Graphviz2.38\bin;c:\spark\bin;c:\winutils\bin;C:\Program Files\Java\jdk1.8.0_121\bin;C:\Program Files (x86)\GtkSharp\2.12\bin;C:\Program Files\TortoiseGit\bin;C:\Program Files\Git\cmd;C:\Program Files (x86)\Windows Kits\8.1\Windows Performance Toolkit\;C:\Program Files (x86)\Skype\Phone\;C:\Program Files\TortoiseSVN\bin;c:\users\hasan.danaci\appdata\local\enthought\canopy\user\scripts;C:\Users\hasan.danaci\AppData\Local\Microsoft\WindowsApps;C:\Users\hasan.danaci\AppData\Local\Enthought\Canopy\User;C:\Users\hasan.danaci\AppData\Local\Enthought\Canopy\User\Scripts;C:\Program Files\Docker Toolbox;D:\EPVYS-GELISTIRME\sts-3.7.3.RELEASE;;."/>
    <property name="surefire.test.class.path" value="D:\EPVYS-GELISTIRME\workspace-machine-learning\parallel_doc_classifier_knn\target\test-classes;D:\EPVYS-GELISTIRME\workspace-machine-learning\parallel_doc_classifier_knn\target\classes;D:\EPVYS-GELISTIRME\maven-repository\junit\junit\4.12\junit-4.12.jar;D:\EPVYS-GELISTIRME\maven-repository\org\hamcrest\hamcrest-core\1.3\hamcrest-core-1.3.jar;"/>
    <property name="java.specification.name" value="Java Platform API Specification"/>
    <property name="java.class.version" value="52.0"/>
    <property name="sun.management.compiler" value="HotSpot 64-Bit Tiered Compilers"/>
    <property name="os.version" value="10.0"/>
    <property name="user.home" value="C:\Users\hasan.danaci"/>
    <property name="user.timezone" value=""/>
    <property name="java.awt.printerjob" value="sun.awt.windows.WPrinterJob"/>
    <property name="java.specification.version" value="1.8"/>
    <property name="file.encoding" value="Cp1252"/>
    <property name="user.name" value="hasan.danaci"/>
    <property name="java.class.path" value="D:\EPVYS-GELISTIRME\workspace-machine-learning\parallel_doc_classifier_knn\target\test-classes;D:\EPVYS-GELISTIRME\workspace-machine-learning\parallel_doc_classifier_knn\target\classes;D:\EPVYS-GELISTIRME\maven-repository\junit\junit\4.12\junit-4.12.jar;D:\EPVYS-GELISTIRME\maven-repository\org\hamcrest\hamcrest-core\1.3\hamcrest-core-1.3.jar;"/>
    <property name="java.vm.specification.version" value="1.8"/>
    <property name="sun.arch.data.model" value="64"/>
    <property name="java.home" value="C:\Program Files\Java\jdk1.8.0_121\jre"/>
    <property name="sun.java.command" value="D:\EPVYS-GELISTIRME\workspace-machine-learning\parallel_doc_classifier_knn\target\surefire\surefirebooter1799226384643269607.jar D:\EPVYS-GELISTIRME\workspace-machine-learning\parallel_doc_classifier_knn\target\surefire\surefire1029893986240498589tmp D:\EPVYS-GELISTIRME\workspace-machine-learning\parallel_doc_classifier_knn\target\surefire\surefire1101530299080571289tmp"/>
    <property name="java.specification.vendor" value="Oracle Corporation"/>
    <property name="user.language" value="en"/>
    <property name="user.language.format" value="tr"/>
    <property name="awt.toolkit" value="sun.awt.windows.WToolkit"/>
    <property name="java.vm.info" value="mixed mode"/>
    <property name="java.version" value="1.8.0_121"/>
    <property name="java.ext.dirs" value="C:\Program Files\Java\jdk1.8.0_121\jre\lib\ext;C:\Windows\Sun\Java\lib\ext"/>
    <property name="sun.boot.class.path" value="C:\Program Files\Java\jdk1.8.0_121\jre\lib\resources.jar;C:\Program Files\Java\jdk1.8.0_121\jre\lib\rt.jar;C:\Program Files\Java\jdk1.8.0_121\jre\lib\sunrsasign.jar;C:\Program Files\Java\jdk1.8.0_121\jre\lib\jsse.jar;C:\Program Files\Java\jdk1.8.0_121\jre\lib\jce.jar;C:\Program Files\Java\jdk1.8.0_121\jre\lib\charsets.jar;C:\Program Files\Java\jdk1.8.0_121\jre\lib\jfr.jar;C:\Program Files\Java\jdk1.8.0_121\jre\classes"/>
    <property name="java.vendor" value="Oracle Corporation"/>
    <property name="localRepository" value="D:\EPVYS-GELISTIRME\maven-repository"/>
    <property name="file.separator" value="\"/>
    <property name="java.vendor.url.bug" value="http://bugreport.sun.com/bugreport/"/>
    <property name="sun.cpu.endian" value="little"/>
    <property name="sun.io.unicode.encoding" value="UnicodeLittle"/>
    <property name="sun.desktop" value="windows"/>
    <property name="sun.cpu.isalist" value="amd64"/>
  </properties>
  <testcase classname="com.machinelearning.doc_classifier.knn.category_classifierTest.MajorityVoteClassifierTest" name="givenOneClassificationInfoExpectReturnRightClassification" time="0.007"/>
  <testcase classname="com.machinelearning.doc_classifier.knn.category_classifierTest.MajorityVoteClassifierTest" name="givenManyClassificationInfoExpectReturnRightClassification" time="0"/>
</testsuite>